<?xml version="1.0" encoding="UTF-8"?>
<testng-results ignored="0" total="1" passed="1" failed="0" skipped="0">
  <reporter-output>
  </reporter-output>
  <suite started-at="2020-12-21T20:42:12 IST" name="Suite" finished-at="2020-12-21T20:42:21 IST" duration-ms="9048">
    <groups>
      <group name="cucumber">
        <method signature="AbstractTestNGCucumberTests.feature(cucumber.api.testng.CucumberFeatureWrapper)[pri:0, instance:TestRunner.TestRunner@4ddced80]" name="feature" class="cucumber.api.testng.AbstractTestNGCucumberTests"/>
      </group> <!-- cucumber -->
    </groups>
    <test started-at="2020-12-21T20:42:12 IST" name="Test" finished-at="2020-12-21T20:42:21 IST" duration-ms="9048">
      <class name="TestRunner.TestRunner">
        <test-method is-config="true" signature="setUpClass()[pri:0, instance:TestRunner.TestRunner@4ddced80]" started-at="2020-12-21T20:42:12 IST" name="setUpClass" finished-at="2020-12-21T20:42:12 IST" duration-ms="355" status="PASS">
          <reporter-output>
          </reporter-output>
        </test-method> <!-- setUpClass -->
        <test-method signature="feature(cucumber.api.testng.CucumberFeatureWrapper)[pri:0, instance:TestRunner.TestRunner@4ddced80]" started-at="2020-12-21T20:42:12 IST" name="feature" description="Runs Cucumber Feature" data-provider="features" finished-at="2020-12-21T20:42:21 IST" duration-ms="8556" status="PASS">
          <params>
            <param index="0">
              <value>
                <![CDATA[Validate that user should be able enter items to cart]]>
              </value>
            </param>
          </params>
          <reporter-output>
          </reporter-output>
        </test-method> <!-- feature -->
        <test-method is-config="true" signature="tearDownClass()[pri:0, instance:TestRunner.TestRunner@4ddced80]" started-at="2020-12-21T20:42:21 IST" name="tearDownClass" finished-at="2020-12-21T20:42:21 IST" duration-ms="2" status="PASS">
          <reporter-output>
          </reporter-output>
        </test-method> <!-- tearDownClass -->
      </class> <!-- TestRunner.TestRunner -->
    </test> <!-- Test -->
  </suite> <!-- Suite -->
</testng-results>
